<?xml version="1.0" encoding="UTF-8"?>
<!-- Generated by org.testng.reporters.JUnitXMLReporter -->
<testsuite ignored="0" hostname="marcelo-HP-Laptop-14-bs0xx" failures="0" tests="3" name="Surefire test" time="0.209" errors="0" timestamp="2022-04-01T21:50:30 PET">
  <testcase classname="lab.TaxTest" name="taxTestDefault" time="0.076"/>
  <testcase classname="lab.TaxTest" name="taxTestSpecial" time="0.001"/>
  <testcase classname="lab.ManageDemandTest" name="test_AllOrdersFromPeru" time="0.003"/>
</testsuite> <!-- Surefire test -->
