<?xml version="1.0" encoding="UTF-8"?>
<!-- Generated by org.testng.reporters.JUnitXMLReporter -->
<testsuite hostname="LAPTOP-R259FH4C" ignored="0" name="Command line test" tests="3" failures="0" timestamp="2022-03-31T21:48:06 COT" time="0.066" errors="0">
  <testcase name="test_AllOrdersFromPeru" time="0.004" classname="lab.ManageDemandTest"/>
  <testcase name="taxTestDefault" time="0.0" classname="lab.TaxTest"/>
  <testcase name="taxTestSpecial" time="0.0" classname="lab.TaxTest"/>
</testsuite> <!-- Command line test -->
