<?xml version="1.0" encoding="UTF-8"?>
<testng-results ignored="0" total="3" passed="3" failed="0" skipped="0">
  <reporter-output>
  </reporter-output>
  <suite started-at="2022-04-01T21:50:30 PET" name="Surefire suite" finished-at="2022-04-01T21:50:30 PET" duration-ms="209">
    <groups>
    </groups>
    <test started-at="2022-04-01T21:50:30 PET" name="Surefire test" finished-at="2022-04-01T21:50:30 PET" duration-ms="209">
      <class name="lab.TaxTest">
        <test-method signature="taxTestDefault()[pri:0, instance:lab.TaxTest@31f20c9f]" started-at="2022-04-01T21:50:30 PET" name="taxTestDefault" finished-at="2022-04-01T21:50:30 PET" duration-ms="76" status="PASS">
          <reporter-output>
          </reporter-output>
        </test-method> <!-- taxTestDefault -->
        <test-method signature="taxTestSpecial()[pri:0, instance:lab.TaxTest@31f20c9f]" started-at="2022-04-01T21:50:30 PET" name="taxTestSpecial" finished-at="2022-04-01T21:50:30 PET" duration-ms="1" status="PASS">
          <reporter-output>
          </reporter-output>
        </test-method> <!-- taxTestSpecial -->
      </class> <!-- lab.TaxTest -->
      <class name="lab.ManageDemandTest">
        <test-method is-config="true" signature="setup()[pri:0, instance:lab.ManageDemandTest@f446158]" started-at="2022-04-01T21:50:30 PET" name="setup" finished-at="2022-04-01T21:50:30 PET" duration-ms="3" status="PASS">
          <reporter-output>
          </reporter-output>
        </test-method> <!-- setup -->
        <test-method signature="test_AllOrdersFromPeru()[pri:0, instance:lab.ManageDemandTest@f446158]" started-at="2022-04-01T21:50:30 PET" name="test_AllOrdersFromPeru" finished-at="2022-04-01T21:50:30 PET" duration-ms="3" status="PASS">
          <reporter-output>
          </reporter-output>
        </test-method> <!-- test_AllOrdersFromPeru -->
      </class> <!-- lab.ManageDemandTest -->
    </test> <!-- Surefire test -->
  </suite> <!-- Surefire suite -->
</testng-results>
