<?xml version="1.0" encoding="UTF-8"?>
<testsuite xmlns:xsi="http://www.w3.org/2001/XMLSchema-instance" xsi:noNamespaceSchemaLocation="https://maven.apache.org/surefire/maven-surefire-plugin/xsd/surefire-test-report.xsd" name="TestSuite" time="1.256" tests="3" errors="0" skipped="0" failures="0">
  <properties>
[...]
</properties>
  <testcase name="taxTestDefault" classname="lab.TaxTest" time="0.074"/>
  <testcase name="taxTestSpecial" classname="lab.TaxTest" time="0"/>
  <testcase name="test_AllOrdersFromPeru" classname="lab.ManageDemandTest" time="0.001"/>
</testsuite>